<?xml version="1.0" encoding="UTF-8"?>
<!-- Generated by org.testng.reporters.JUnitReportReporter -->
<testsuite hostname="del1-lhp-n61437" failures="0" tests="1" name="com.ECommerce.AddToCart.FluentWaitTest" time="3.978" errors="0" timestamp="2021-07-08T21:33:25 IST" skipped="0">
  <testcase classname="com.ECommerce.AddToCart.FluentWaitTest" name="testfluentWait" time="3.978"/>
  <system-out/>
</testsuite> <!-- com.ECommerce.AddToCart.FluentWaitTest -->
