<?xml version="1.0" encoding="UTF-8"?>
<!-- Generated by org.testng.reporters.JUnitReportReporter -->
<testsuite skipped="0" hostname="del1-lhp-n61437" name="com.ECommerce.AddToCart.Hello" tests="1" failures="0" timestamp="2021-07-02T19:22:35 IST" time="0.014" errors="0">
  <testcase name="demo2" time="0.014" classname="com.ECommerce.AddToCart.Hello"/>
  <system-out>
    <![CDATA[Inside Hello]]>
  </system-out>
</testsuite> <!-- com.ECommerce.AddToCart.Hello -->
