<?xml version="1.0" encoding="UTF-8"?>
<!-- Generated by org.testng.reporters.JUnitReportReporter -->
<testsuite hostname="del1-lhp-n61437" failures="0" tests="1" name="com.ECommerce.AddToCart.HandleSliders" time="7.607" errors="0" timestamp="2021-07-08T21:23:32 IST" skipped="0">
  <testcase classname="com.ECommerce.AddToCart.HandleSliders" name="handleSlider" time="7.607"/>
  <system-out/>
</testsuite> <!-- com.ECommerce.AddToCart.HandleSliders -->
