<?xml version="1.0" encoding="UTF-8"?>
<!-- Generated by org.testng.reporters.JUnitReportReporter -->
<testsuite hostname="del1-lhp-n61437" failures="0" tests="1" name="dataDriven.FetchXMLData" time="5.283" errors="0" timestamp="2021-07-10T20:18:10 IST" skipped="0">
  <testcase classname="dataDriven.FetchXMLData" name="tc1" time="5.283"/>
  <system-out/>
</testsuite> <!-- dataDriven.FetchXMLData -->
