<?xml version="1.0" encoding="UTF-8"?>
<!-- Generated by org.testng.reporters.JUnitReportReporter -->
<testsuite hostname="del1-lhp-n61437" failures="0" tests="1" name="com.ECommerce.AddToCart.UploadCVTest" time="4.182" errors="0" timestamp="2021-07-05T19:45:29 IST" skipped="0">
  <testcase classname="com.ECommerce.AddToCart.UploadCVTest" name="testnaukri" time="4.182"/>
  <system-out/>
</testsuite> <!-- com.ECommerce.AddToCart.UploadCVTest -->
