<?xml version="1.0" encoding="UTF-8"?>
<!-- Generated by org.testng.reporters.JUnitReportReporter -->
<testsuite hostname="del1-lhp-n61437" failures="0" tests="1" name="myPack.AmazonTest" time="6.674" errors="0" timestamp="2021-07-09T14:34:42 IST" skipped="0">
  <testcase classname="myPack.AmazonTest" name="demo" time="6.674"/>
  <system-out>
    <![CDATA[Price: â‚¹51,999]]>
  </system-out>
</testsuite> <!-- myPack.AmazonTest -->
