<?xml version="1.0" encoding="UTF-8"?>
<!-- Generated by org.testng.reporters.JUnitReportReporter -->
<testsuite hostname="del1-lhp-n61437" failures="0" tests="1" name="com.ECommerce.AddToCart.GroupTest" time="0.017" errors="0" timestamp="2021-07-08T22:20:43 IST" skipped="0">
  <testcase classname="com.ECommerce.AddToCart.GroupTest" name="createCustomer" time="0.017"/>
  <system-out>
    <![CDATA[Customer created]]>
  </system-out>
</testsuite> <!-- com.ECommerce.AddToCart.GroupTest -->
