<?xml version="1.0" encoding="UTF-8"?>
<!-- Generated by org.testng.reporters.JUnitReportReporter -->
<testsuite hostname="del1-lhp-n61437" failures="0" tests="1" name="com.ECommerce.AddToCart.ParallelTest1" time="5.434" errors="0" timestamp="2021-07-08T22:45:27 IST" skipped="0">
  <testcase classname="com.ECommerce.AddToCart.ParallelTest1" name="pt1" time="5.434"/>
  <system-out/>
</testsuite> <!-- com.ECommerce.AddToCart.ParallelTest1 -->
