<?xml version="1.0" encoding="UTF-8"?>
<!-- Generated by org.testng.reporters.JUnitReportReporter -->
<testsuite hostname="del1-lhp-n61437" failures="0" tests="1" name="dataDriven.PropFileTest" time="4.473" errors="0" timestamp="2021-07-10T20:05:58 IST" skipped="0">
  <testcase classname="dataDriven.PropFileTest" name="tc1" time="4.473"/>
  <system-out/>
</testsuite> <!-- dataDriven.PropFileTest -->
