<?xml version="1.0" encoding="UTF-8"?>
<!-- Generated by org.testng.reporters.JUnitReportReporter -->
<testsuite hostname="del1-lhp-n61437" failures="0" tests="2" name="myPack.Hub3" time="13.037" errors="0" timestamp="2021-07-12T20:27:14 IST" skipped="0">
  <testcase classname="myPack.Hub3" name="tc" time="8.455"/>
  <system-out/>
  <testcase classname="myPack.Hub3" name="tc" time="4.582"/>
  <system-out/>
</testsuite> <!-- myPack.Hub3 -->
