<?xml version="1.0" encoding="UTF-8"?>
<!-- Generated by org.testng.reporters.JUnitReportReporter -->
<testsuite hostname="del1-lhp-n61437" failures="0" tests="1" name="myPack.Hub1" time="7.785" errors="0" timestamp="2021-07-09T21:36:10 IST" skipped="0">
  <testcase classname="myPack.Hub1" name="tc1" time="7.785"/>
  <system-out/>
</testsuite> <!-- myPack.Hub1 -->
