<?xml version="1.0" encoding="UTF-8"?>
<!-- Generated by org.testng.reporters.JUnitReportReporter -->
<testsuite hostname="del1-lhp-n61437" failures="0" tests="1" name="dataDriven.DBConTest" time="3.534" errors="0" timestamp="2021-07-13T16:24:20 IST" skipped="0">
  <testcase classname="dataDriven.DBConTest" name="tc3" time="3.534"/>
  <system-out/>
</testsuite> <!-- dataDriven.DBConTest -->
