<?xml version="1.0" encoding="UTF-8"?>
<!-- Generated by org.testng.reporters.JUnitReportReporter -->
<testsuite hostname="del1-lhp-n61437" failures="0" tests="1" name="com.ECommerce.AddToCart.HeadlessBrowser" time="4.386" errors="0" timestamp="2021-07-08T17:21:45 IST" skipped="0">
  <testcase classname="com.ECommerce.AddToCart.HeadlessBrowser" name="demoHeadless" time="4.386"/>
  <system-out/>
</testsuite> <!-- com.ECommerce.AddToCart.HeadlessBrowser -->
