<?xml version="1.0" encoding="UTF-8"?>
<!-- Generated by org.testng.reporters.JUnitReportReporter -->
<testsuite hostname="del1-lhp-n61437" failures="0" tests="1" name="com.ECommerce.AddToCart.PageLoadWaitTest" time="5.882" errors="0" timestamp="2021-07-06T15:53:48 IST" skipped="0">
  <testcase classname="com.ECommerce.AddToCart.PageLoadWaitTest" name="testPageLoad" time="5.882"/>
  <system-out/>
</testsuite> <!-- com.ECommerce.AddToCart.PageLoadWaitTest -->
