<?xml version="1.0" encoding="UTF-8"?>
<!-- Generated by org.testng.reporters.JUnitReportReporter -->
<testsuite skipped="0" hostname="del1-lhp-n61437" name="com.ECommerce.AddToCart.Demo" tests="1" failures="0" timestamp="2021-07-02T16:33:49 IST" time="0.008" errors="0">
  <testcase name="demo1" time="0.008" classname="com.ECommerce.AddToCart.Demo"/>
  <system-out>
    <![CDATA[Inside demo class]]>
  </system-out>
</testsuite> <!-- com.ECommerce.AddToCart.Demo -->
