<?xml version="1.0" encoding="UTF-8"?>
<!-- Generated by org.testng.reporters.JUnitReportReporter -->
<testsuite hostname="del1-lhp-n61437" failures="0" tests="1" name="com.ECommerce.AddToCart.JSCommands" time="9.659" errors="0" timestamp="2021-07-05T20:23:37 IST" skipped="0">
  <testcase classname="com.ECommerce.AddToCart.JSCommands" name="testJS" time="9.659"/>
  <system-out/>
</testsuite> <!-- com.ECommerce.AddToCart.JSCommands -->
