<?xml version="1.0" encoding="UTF-8"?>
<!-- Generated by org.testng.reporters.JUnitReportReporter -->
<testsuite hostname="del1-lhp-n61437" failures="0" tests="1" name="com.ECommerce.AddToCart.Demo2" time="7.117" errors="0" timestamp="2021-07-08T16:31:18 IST" skipped="0">
  <testcase classname="com.ECommerce.AddToCart.Demo2" name="testListener" time="7.117"/>
  <system-out>
    <![CDATA[testListener started
Button clicked !!!
testListener successfully executed]]>
  </system-out>
</testsuite> <!-- com.ECommerce.AddToCart.Demo2 -->
