<?xml version="1.0" encoding="UTF-8"?>
<!-- Generated by org.testng.reporters.JUnitReportReporter -->
<testsuite hostname="del1-lhp-n61437" failures="0" tests="1" name="com.ECommerce.AddToCart.DisableNotification" time="4.831" errors="0" timestamp="2021-07-10T18:28:06 IST" skipped="0">
  <testcase classname="com.ECommerce.AddToCart.DisableNotification" name="demoTest" time="4.831"/>
  <system-out/>
</testsuite> <!-- com.ECommerce.AddToCart.DisableNotification -->
